SEQUENTIAL: Number of cores: 20
SEQUENTIAL: Number of threads: 20
PARALLEL: Other Thread:10
PARALLEL: Other Thread:0
PARALLEL: Other Thread:12
PARALLEL: Other Thread:4
PARALLEL: Other Thread:17
PARALLEL: Other Thread:14
PARALLEL: Master Thread:0
PARALLEL: Single Thread: 10
PARALLEL: Other Thread:3
PARALLEL: Other Thread:18
PARALLEL: Other Thread:1
PARALLEL: Other Thread:16
PARALLEL: Other Thread:8
PARALLEL: Other Thread:7
PARALLEL: Other Thread:2
PARALLEL: Other Thread:11
PARALLEL: Other Thread:6
PARALLEL: Other Thread:13
PARALLEL: Other Thread:5
PARALLEL: Other Thread:15
PARALLEL: Other Thread:9
PARALLEL: Other Thread:19
